2013-01-21 13:49:01,595 [New I/O worker #1] tmp.net.netty.EchoServerHandler(channelConnected,42) [INFO ] - java.net.InetSocketAddress
2013-01-21 13:49:01,600 [New I/O worker #1] tmp.net.netty.EchoServerHandler(channelConnected,43) [INFO ] - 建立连接：821841018, /127.0.0.1:7080
2013-01-21 13:49:01,602 [main] tmp.net.netty.NettyTcpClient(writeString,62) [INFO ] - 1111111111111
2013-01-21 13:49:01,602 [New I/O worker #1] tmp.net.netty.EchoClientHandler(channelConnected,101) [INFO ] - java.net.InetSocketAddress
2013-01-21 13:49:01,605 [New I/O worker #1] tmp.net.netty.EchoClientHandler(channelConnected,102) [INFO ] - 建立连接：2082905402, /127.0.0.1:8080
2013-01-21 13:49:01,617 [main] tmp.net.netty.NettyTcpClient(writeString,65) [INFO ] - 222222222222
2013-01-21 13:49:01,617 [main] tmp.net.netty.NettyTcpClient(close,72) [INFO ] - 3333333
2013-01-21 13:49:01,617 [New I/O worker #1] tmp.net.netty.EchoClientHandler(channelClosed,106) [INFO ] - 断开连接：2082905402, /127.0.0.1:8080
2013-01-21 13:49:01,620 [main] tmp.net.netty.NettyTcpClient(close,76) [INFO ] - 4444444
2013-01-21 13:49:01,625 [New I/O worker #1] tmp.net.netty.EchoServerHandler(messageReceived,54) [INFO ] - /127.0.0.1:7080 : BigEndianHeapChannelBuffer(ridx=0, widx=5, cap=5)
2013-01-21 13:49:01,627 [New I/O worker #1] tmp.net.netty.EchoServerHandler(messageReceived,60) [INFO ] - hello
2013-01-21 13:49:01,627 [New I/O worker #1] tmp.net.netty.EchoServerHandler(channelClosed,47) [INFO ] - 断开连接：821841018, /127.0.0.1:7080
2013-01-21 13:49:01,642 [New I/O worker #1] tmp.net.netty.EchoServerHandler(exceptionCaught,73) [INFO ] - Unexpected exception from downstream.
java.lang.NullPointerException: future
	at org.jboss.netty.channel.DownstreamMessageEvent.<init>(DownstreamMessageEvent.java:43) ~[netty-3.6.2.Final.jar:na]
	at tmp.net.netty.EchoServerHandler.messageReceived(NettyTcpServer.java:66) ~[bin/:na]
	at org.jboss.netty.channel.Channels.fireMessageReceived(Channels.java:268) ~[netty-3.6.2.Final.jar:na]
	at org.jboss.netty.channel.Channels.fireMessageReceived(Channels.java:255) ~[netty-3.6.2.Final.jar:na]
	at org.jboss.netty.channel.socket.nio.NioWorker.read(NioWorker.java:88) ~[netty-3.6.2.Final.jar:na]
	at org.jboss.netty.channel.socket.nio.AbstractNioWorker.process(AbstractNioWorker.java:107) ~[netty-3.6.2.Final.jar:na]
	at org.jboss.netty.channel.socket.nio.AbstractNioSelector.run(AbstractNioSelector.java:312) ~[netty-3.6.2.Final.jar:na]
	at org.jboss.netty.channel.socket.nio.AbstractNioWorker.run(AbstractNioWorker.java:88) ~[netty-3.6.2.Final.jar:na]
	at org.jboss.netty.channel.socket.nio.NioWorker.run(NioWorker.java:178) ~[netty-3.6.2.Final.jar:na]
	at java.util.concurrent.ThreadPoolExecutor$Worker.runTask(ThreadPoolExecutor.java:886) [na:1.6.0_35]
	at java.util.concurrent.ThreadPoolExecutor$Worker.run(ThreadPoolExecutor.java:908) [na:1.6.0_35]
	at java.lang.Thread.run(Thread.java:662) [na:1.6.0_35]
2013-05-15 17:31:59,656 [New I/O worker #1] tmp.net.netty.EchoServerHandler(channelConnected,42) [INFO ] - java.net.InetSocketAddress
2013-05-15 17:31:59,656 [New I/O worker #1] tmp.net.netty.EchoClientHandler(channelConnected,101) [INFO ] - java.net.InetSocketAddress
2013-05-15 17:31:59,656 [main] tmp.net.netty.NettyTcpClient(writeString,62) [INFO ] - 1111111111111
2013-05-15 17:31:59,666 [New I/O worker #1] tmp.net.netty.EchoServerHandler(channelConnected,43) [INFO ] - 建立连接：-673311549, /127.0.0.1:48746. Thread[New I/O worker #1,5,main]
2013-05-15 17:31:59,667 [New I/O worker #1] tmp.net.netty.EchoClientHandler(channelConnected,102) [INFO ] - 建立连接：947749380, /127.0.0.1:8080
2013-05-15 17:31:59,670 [main] tmp.net.netty.NettyTcpClient(writeString,65) [INFO ] - 222222222222
2013-05-15 17:31:59,670 [main] tmp.net.netty.NettyTcpClient(close,72) [INFO ] - 3333333
2013-05-15 17:31:59,673 [main] tmp.net.netty.NettyTcpClient(close,76) [INFO ] - 4444444
2013-05-15 17:31:59,674 [New I/O worker #1] tmp.net.netty.EchoClientHandler(channelClosed,106) [INFO ] - 断开连接：947749380, /127.0.0.1:8080
2013-05-15 17:31:59,687 [New I/O worker #1] tmp.net.netty.EchoServerHandler(messageReceived,54) [INFO ] - /127.0.0.1:48746 : BigEndianHeapChannelBuffer(ridx=0, widx=5, cap=5). Thread[New I/O worker #1,5,main]
2013-05-15 17:31:59,687 [New I/O worker #1] tmp.net.netty.EchoServerHandler(messageReceived,60) [INFO ] - hello
2013-05-15 17:31:59,688 [New I/O worker #1] tmp.net.netty.EchoServerHandler(channelClosed,47) [INFO ] - 断开连接：-673311549, /127.0.0.1:48746. Thread[New I/O worker #1,5,main]
2013-05-15 17:31:59,698 [New I/O worker #1] tmp.net.netty.EchoServerHandler(exceptionCaught,73) [INFO ] - Unexpected exception from downstream.
java.lang.NullPointerException: future
	at org.jboss.netty.channel.DownstreamMessageEvent.<init>(DownstreamMessageEvent.java:43) ~[netty-3.6.2.Final.jar:na]
	at tmp.net.netty.EchoServerHandler.messageReceived(NettyTcpServer.java:66) ~[bin/:na]
	at org.jboss.netty.channel.Channels.fireMessageReceived(Channels.java:268) ~[netty-3.6.2.Final.jar:na]
	at org.jboss.netty.channel.Channels.fireMessageReceived(Channels.java:255) ~[netty-3.6.2.Final.jar:na]
	at org.jboss.netty.channel.socket.nio.NioWorker.read(NioWorker.java:88) ~[netty-3.6.2.Final.jar:na]
	at org.jboss.netty.channel.socket.nio.AbstractNioWorker.process(AbstractNioWorker.java:107) ~[netty-3.6.2.Final.jar:na]
	at org.jboss.netty.channel.socket.nio.AbstractNioSelector.run(AbstractNioSelector.java:312) ~[netty-3.6.2.Final.jar:na]
	at org.jboss.netty.channel.socket.nio.AbstractNioWorker.run(AbstractNioWorker.java:88) ~[netty-3.6.2.Final.jar:na]
	at org.jboss.netty.channel.socket.nio.NioWorker.run(NioWorker.java:178) ~[netty-3.6.2.Final.jar:na]
	at java.util.concurrent.ThreadPoolExecutor$Worker.runTask(ThreadPoolExecutor.java:886) [na:1.6.0_35]
	at java.util.concurrent.ThreadPoolExecutor$Worker.run(ThreadPoolExecutor.java:908) [na:1.6.0_35]
	at java.lang.Thread.run(Thread.java:662) [na:1.6.0_35]
